Copyright 1986-2022 Xilinx, Inc. All Rights Reserved. Copyright 2022-2023 Advanced Micro Devices, Inc. All Rights Reserved.
---------------------------------------------------------------------------------------------------------------------------------------------
| Tool Version : Vivado v.2023.2 (win64) Build 4029153 Fri Oct 13 20:14:34 MDT 2023
| Date         : Mon Jun 17 00:05:33 2024
| Host         : DESKTOP-VCL2FF6 running 64-bit major release  (build 9200)
| Command      : report_control_sets -verbose -file top_control_sets_placed.rpt
| Design       : top
| Device       : xc7s25
---------------------------------------------------------------------------------------------------------------------------------------------

Control Set Information

Table of Contents
-----------------
1. Summary
2. Histogram
3. Flip-Flop Distribution
4. Detailed Control Set Information

1. Summary
----------

+----------------------------------------------------------+-------+
|                          Status                          | Count |
+----------------------------------------------------------+-------+
| Total control sets                                       |     5 |
|    Minimum number of control sets                        |     5 |
|    Addition due to synthesis replication                 |     0 |
|    Addition due to physical synthesis replication        |     0 |
| Unused register locations in slices containing registers |    31 |
+----------------------------------------------------------+-------+
* Control sets can be merged at opt_design using control_set_merge or merge_equivalent_drivers
** Run report_qor_suggestions for automated merging and remapping suggestions


2. Histogram
------------

+--------------------+-------+
|       Fanout       | Count |
+--------------------+-------+
| Total control sets |     5 |
| >= 0 to < 4        |     2 |
| >= 4 to < 6        |     1 |
| >= 6 to < 8        |     0 |
| >= 8 to < 10       |     1 |
| >= 10 to < 12      |     1 |
| >= 12 to < 14      |     0 |
| >= 14 to < 16      |     0 |
| >= 16              |     0 |
+--------------------+-------+
* Control sets can be remapped at either synth_design or opt_design


3. Flip-Flop Distribution
-------------------------

+--------------+-----------------------+------------------------+-----------------+--------------+
| Clock Enable | Synchronous Set/Reset | Asynchronous Set/Reset | Total Registers | Total Slices |
+--------------+-----------------------+------------------------+-----------------+--------------+
| No           | No                    | No                     |               1 |            1 |
| No           | No                    | Yes                    |               4 |            1 |
| No           | Yes                   | No                     |               1 |            1 |
| Yes          | No                    | No                     |              10 |            4 |
| Yes          | No                    | Yes                    |               0 |            0 |
| Yes          | Yes                   | No                     |               9 |            2 |
+--------------+-----------------------+------------------------+-----------------+--------------+


4. Detailed Control Set Information
-----------------------------------

+----------------------+--------------------+------------------+------------------+----------------+--------------+
|     Clock Signal     |    Enable Signal   | Set/Reset Signal | Slice Load Count | Bel Load Count | Bels / Slice |
+----------------------+--------------------+------------------+------------------+----------------+--------------+
|  VGA_Clock/out       |                    |                  |                1 |              1 |         1.00 |
|  VGA_Clock/out       |                    | VGA_Horiz/clear  |                1 |              1 |         1.00 |
|  CLK100MHZ_IBUF_BUFG |                    | rst_btn_IBUF     |                1 |              4 |         4.00 |
|  VGA_Clock/out       | VGA_Horiz/sel      | VGA_Horiz/clear  |                2 |              9 |         4.50 |
|  VGA_Clock/out       | VGA_Horiz/enable_V |                  |                4 |             10 |         2.50 |
+----------------------+--------------------+------------------+------------------+----------------+--------------+


